\BOOKMARK [0][-]{chapter.1}{Introduction}{}% 1
\BOOKMARK [0][-]{chapter.2}{Bilan mat\351riel}{}% 2
\BOOKMARK [1][-]{section.2.1}{Outils}{chapter.2}% 3
\BOOKMARK [1][-]{section.2.2}{Budget}{chapter.2}% 4
\BOOKMARK [0][-]{chapter.3}{R\351alisation}{}% 5
\BOOKMARK [1][-]{section.3.1}{Choix des Haut-parleurs}{chapter.3}% 6
\BOOKMARK [1][-]{section.3.2}{Simulation}{chapter.3}% 7
\BOOKMARK [2][-]{subsection.3.2.1}{Simulation basiques: Akabak}{section.3.2}% 8
\BOOKMARK [1][-]{section.3.3}{Simulation avec Abec}{chapter.3}% 9
\BOOKMARK [0][-]{chapter.4}{Conception}{}% 10
\BOOKMARK [1][-]{section.4.1}{Planches de bois}{chapter.4}% 11
\BOOKMARK [1][-]{section.4.2}{D\351coupe des ronds}{chapter.4}% 12
\BOOKMARK [1][-]{section.4.3}{Pr\351 trous de vissage}{chapter.4}% 13
\BOOKMARK [1][-]{section.4.4}{Assemblage de la boite pour tweeter}{chapter.4}% 14
\BOOKMARK [1][-]{section.4.5}{Assemblage de la boite principale}{chapter.4}% 15
\BOOKMARK [1][-]{section.4.6}{Ajustement}{chapter.4}% 16
\BOOKMARK [1][-]{section.4.7}{Joint}{chapter.4}% 17
\BOOKMARK [1][-]{section.4.8}{Peinture}{chapter.4}% 18
\BOOKMARK [1][-]{section.4.9}{Remplissage}{chapter.4}% 19
\BOOKMARK [1][-]{section.4.10}{Partie \351lectronique}{chapter.4}% 20
\BOOKMARK [0][-]{chapter.5}{Conclusion}{}% 21
